<?xml version="1.0" encoding="UTF-8"?>
<!-- Generated by org.testng.reporters.JUnitXMLReporter -->
<testsuite hostname="Lakku" failures="0" tests="3" name="Test" time="74.103" errors="0" timestamp="29 Jul 2018 17:20:54 GMT">
  <testcase classname="com.actitime.customertest.CustomerTest" name="cerateCustomerTest" time="13.613"/>
  <testcase classname="com.actitime.usertest.UserTest" name="createUSerTest" time="0.004"/>
  <testcase classname="com.actitime.customertest.CustomerDesc" name="createCustomerWithDecriptionTest" time="7.09"/>
</testsuite> <!-- Test -->
